Analysis & Synthesis report for Controlador_Prioridade
Tue May 23 23:06:44 2023
Quartus Prime Version 18.1.0 Build 625 09/12/2018 SJ Lite Edition


---------------------
; Table of Contents ;
---------------------
  1. Legal Notice
  2. Analysis & Synthesis Summary
  3. Analysis & Synthesis Settings
  4. Parallel Compilation
  5. Analysis & Synthesis Source Files Read
  6. Analysis & Synthesis Resource Usage Summary
  7. Analysis & Synthesis Resource Utilization by Entity
  8. General Register Statistics
  9. Parameter Settings for User Entity Instance: Multiplexador_Elevador:inst6|BUSMUX:inst
 10. Post-Synthesis Netlist Statistics for Top Partition
 11. Elapsed Time Per Partition
 12. Analysis & Synthesis Messages



----------------
; Legal Notice ;
----------------
Copyright (C) 2018  Intel Corporation. All rights reserved.
Your use of Intel Corporation's design tools, logic functions 
and other software and tools, and its AMPP partner logic 
functions, and any output files from any of the foregoing 
(including device programming or simulation files), and any 
associated documentation or information are expressly subject 
to the terms and conditions of the Intel Program License 
Subscription Agreement, the Intel Quartus Prime License Agreement,
the Intel FPGA IP License Agreement, or other applicable license
agreement, including, without limitation, that your use is for
the sole purpose of programming logic devices manufactured by
Intel and sold by Intel or its authorized distributors.  Please
refer to the applicable agreement for further details.



+----------------------------------------------------------------------------------+
; Analysis & Synthesis Summary                                                     ;
+------------------------------------+---------------------------------------------+
; Analysis & Synthesis Status        ; Successful - Tue May 23 23:06:44 2023       ;
; Quartus Prime Version              ; 18.1.0 Build 625 09/12/2018 SJ Lite Edition ;
; Revision Name                      ; Controlador_Prioridade                      ;
; Top-level Entity Name              ; Controlador_Prioridade                      ;
; Family                             ; Cyclone IV E                                ;
; Total logic elements               ; 17                                          ;
;     Total combinational functions  ; 17                                          ;
;     Dedicated logic registers      ; 0                                           ;
; Total registers                    ; 0                                           ;
; Total pins                         ; 17                                          ;
; Total virtual pins                 ; 0                                           ;
; Total memory bits                  ; 0                                           ;
; Embedded Multiplier 9-bit elements ; 0                                           ;
; Total PLLs                         ; 0                                           ;
+------------------------------------+---------------------------------------------+


+--------------------------------------------------------------------------------------------------------------------+
; Analysis & Synthesis Settings                                                                                      ;
+------------------------------------------------------------------+------------------------+------------------------+
; Option                                                           ; Setting                ; Default Value          ;
+------------------------------------------------------------------+------------------------+------------------------+
; Top-level entity name                                            ; Controlador_Prioridade ; Controlador_Prioridade ;
; Family name                                                      ; Cyclone IV E           ; Cyclone V              ;
; Use smart compilation                                            ; Off                    ; Off                    ;
; Enable parallel Assembler and Timing Analyzer during compilation ; On                     ; On                     ;
; Enable compact report table                                      ; Off                    ; Off                    ;
; Restructure Multiplexers                                         ; Auto                   ; Auto                   ;
; Create Debugging Nodes for IP Cores                              ; Off                    ; Off                    ;
; Preserve fewer node names                                        ; On                     ; On                     ;
; Intel FPGA IP Evaluation Mode                                    ; Enable                 ; Enable                 ;
; Verilog Version                                                  ; Verilog_2001           ; Verilog_2001           ;
; VHDL Version                                                     ; VHDL_1993              ; VHDL_1993              ;
; State Machine Processing                                         ; Auto                   ; Auto                   ;
; Safe State Machine                                               ; Off                    ; Off                    ;
; Extract Verilog State Machines                                   ; On                     ; On                     ;
; Extract VHDL State Machines                                      ; On                     ; On                     ;
; Ignore Verilog initial constructs                                ; Off                    ; Off                    ;
; Iteration limit for constant Verilog loops                       ; 5000                   ; 5000                   ;
; Iteration limit for non-constant Verilog loops                   ; 250                    ; 250                    ;
; Add Pass-Through Logic to Inferred RAMs                          ; On                     ; On                     ;
; Infer RAMs from Raw Logic                                        ; On                     ; On                     ;
; Parallel Synthesis                                               ; On                     ; On                     ;
; DSP Block Balancing                                              ; Auto                   ; Auto                   ;
; NOT Gate Push-Back                                               ; On                     ; On                     ;
; Power-Up Don't Care                                              ; On                     ; On                     ;
; Remove Redundant Logic Cells                                     ; Off                    ; Off                    ;
; Remove Duplicate Registers                                       ; On                     ; On                     ;
; Ignore CARRY Buffers                                             ; Off                    ; Off                    ;
; Ignore CASCADE Buffers                                           ; Off                    ; Off                    ;
; Ignore GLOBAL Buffers                                            ; Off                    ; Off                    ;
; Ignore ROW GLOBAL Buffers                                        ; Off                    ; Off                    ;
; Ignore LCELL Buffers                                             ; Off                    ; Off                    ;
; Ignore SOFT Buffers                                              ; On                     ; On                     ;
; Limit AHDL Integers to 32 Bits                                   ; Off                    ; Off                    ;
; Optimization Technique                                           ; Balanced               ; Balanced               ;
; Carry Chain Length                                               ; 70                     ; 70                     ;
; Auto Carry Chains                                                ; On                     ; On                     ;
; Auto Open-Drain Pins                                             ; On                     ; On                     ;
; Perform WYSIWYG Primitive Resynthesis                            ; Off                    ; Off                    ;
; Auto ROM Replacement                                             ; On                     ; On                     ;
; Auto RAM Replacement                                             ; On                     ; On                     ;
; Auto DSP Block Replacement                                       ; On                     ; On                     ;
; Auto Shift Register Replacement                                  ; Auto                   ; Auto                   ;
; Allow Shift Register Merging across Hierarchies                  ; Auto                   ; Auto                   ;
; Auto Clock Enable Replacement                                    ; On                     ; On                     ;
; Strict RAM Replacement                                           ; Off                    ; Off                    ;
; Allow Synchronous Control Signals                                ; On                     ; On                     ;
; Force Use of Synchronous Clear Signals                           ; Off                    ; Off                    ;
; Auto RAM Block Balancing                                         ; On                     ; On                     ;
; Auto RAM to Logic Cell Conversion                                ; Off                    ; Off                    ;
; Auto Resource Sharing                                            ; Off                    ; Off                    ;
; Allow Any RAM Size For Recognition                               ; Off                    ; Off                    ;
; Allow Any ROM Size For Recognition                               ; Off                    ; Off                    ;
; Allow Any Shift Register Size For Recognition                    ; Off                    ; Off                    ;
; Use LogicLock Constraints during Resource Balancing              ; On                     ; On                     ;
; Ignore translate_off and synthesis_off directives                ; Off                    ; Off                    ;
; Timing-Driven Synthesis                                          ; On                     ; On                     ;
; Report Parameter Settings                                        ; On                     ; On                     ;
; Report Source Assignments                                        ; On                     ; On                     ;
; Report Connectivity Checks                                       ; On                     ; On                     ;
; Ignore Maximum Fan-Out Assignments                               ; Off                    ; Off                    ;
; Synchronization Register Chain Length                            ; 2                      ; 2                      ;
; Power Optimization During Synthesis                              ; Normal compilation     ; Normal compilation     ;
; HDL message level                                                ; Level2                 ; Level2                 ;
; Suppress Register Optimization Related Messages                  ; Off                    ; Off                    ;
; Number of Removed Registers Reported in Synthesis Report         ; 5000                   ; 5000                   ;
; Number of Swept Nodes Reported in Synthesis Report               ; 5000                   ; 5000                   ;
; Number of Inverted Registers Reported in Synthesis Report        ; 100                    ; 100                    ;
; Clock MUX Protection                                             ; On                     ; On                     ;
; Auto Gated Clock Conversion                                      ; Off                    ; Off                    ;
; Block Design Naming                                              ; Auto                   ; Auto                   ;
; SDC constraint protection                                        ; Off                    ; Off                    ;
; Synthesis Effort                                                 ; Auto                   ; Auto                   ;
; Shift Register Replacement - Allow Asynchronous Clear Signal     ; On                     ; On                     ;
; Pre-Mapping Resynthesis Optimization                             ; Off                    ; Off                    ;
; Analysis & Synthesis Message Level                               ; Medium                 ; Medium                 ;
; Disable Register Merging Across Hierarchies                      ; Auto                   ; Auto                   ;
; Resource Aware Inference For Block RAM                           ; On                     ; On                     ;
+------------------------------------------------------------------+------------------------+------------------------+


+------------------------------------------+
; Parallel Compilation                     ;
+----------------------------+-------------+
; Processors                 ; Number      ;
+----------------------------+-------------+
; Number detected on machine ; 8           ;
; Maximum allowed            ; 4           ;
;                            ;             ;
; Average used               ; 1.00        ;
; Maximum used               ; 1           ;
;                            ;             ;
; Usage by Processor         ; % Time Used ;
;     Processor 1            ; 100.0%      ;
+----------------------------+-------------+


+--------------------------------------------------------------------------------------------------------------------------------------------------------------------------------------------------------------------------------------------------------------------------+
; Analysis & Synthesis Source Files Read                                                                                                                                                                                                                                   ;
+------------------------------------------------------------------------+-----------------+------------------------------------+--------------------------------------------------------------------------------------------------------------------------------+---------+
; File Name with User-Entered Path                                       ; Used in Netlist ; File Type                          ; File Name with Absolute Path                                                                                                   ; Library ;
+------------------------------------------------------------------------+-----------------+------------------------------------+--------------------------------------------------------------------------------------------------------------------------------+---------+
; ../Preferencia_Elevador/Preferencia_Elevador.bdf                       ; yes             ; User Block Diagram/Schematic File  ; C:/Users/kayky/OneDrive/Documentos/GitHub/Elevador_Quartus/Preferencia_Elevador/Preferencia_Elevador.bdf                       ;         ;
; ../Valor_Serial_Paralelo/Valor_Serial_Paralelo.bdf                     ; yes             ; User Block Diagram/Schematic File  ; C:/Users/kayky/OneDrive/Documentos/GitHub/Elevador_Quartus/Valor_Serial_Paralelo/Valor_Serial_Paralelo.bdf                     ;         ;
; ../Multiplexador_Elevador/Multiplexador_Elevador.bdf                   ; yes             ; User Block Diagram/Schematic File  ; C:/Users/kayky/OneDrive/Documentos/GitHub/Elevador_Quartus/Multiplexador_Elevador/Multiplexador_Elevador.bdf                   ;         ;
; ../Circuito Combinacional (Elevador)/Circuito_Combinacional_5_3bit.bdf ; yes             ; User Block Diagram/Schematic File  ; C:/Users/kayky/OneDrive/Documentos/GitHub/Elevador_Quartus/Circuito Combinacional (Elevador)/Circuito_Combinacional_5_3bit.bdf ;         ;
; ../Andares_Elevador_S2/Andares_Elevador_S2.bdf                         ; yes             ; User Block Diagram/Schematic File  ; C:/Users/kayky/OneDrive/Documentos/GitHub/Elevador_Quartus/Andares_Elevador_S2/Andares_Elevador_S2.bdf                         ;         ;
; ../Andares_Elevador_S1/Andares_Elevador_S1.bdf                         ; yes             ; User Block Diagram/Schematic File  ; C:/Users/kayky/OneDrive/Documentos/GitHub/Elevador_Quartus/Andares_Elevador_S1/Andares_Elevador_S1.bdf                         ;         ;
; ../Andares_Elevador_S0/Andares_Elevador_S0.bdf                         ; yes             ; User Block Diagram/Schematic File  ; C:/Users/kayky/OneDrive/Documentos/GitHub/Elevador_Quartus/Andares_Elevador_S0/Andares_Elevador_S0.bdf                         ;         ;
; Controlador_Prioridade.bdf                                             ; yes             ; User Block Diagram/Schematic File  ; C:/Users/kayky/OneDrive/Documentos/GitHub/Elevador_Quartus/Controlador_Prioridade/Controlador_Prioridade.bdf                   ;         ;
; busmux.tdf                                                             ; yes             ; Megafunction                       ; c:/intelfpga_lite/18.1/quartus/libraries/megafunctions/busmux.tdf                                                              ;         ;
; lpm_mux.inc                                                            ; yes             ; Megafunction                       ; c:/intelfpga_lite/18.1/quartus/libraries/megafunctions/lpm_mux.inc                                                             ;         ;
; lpm_mux.tdf                                                            ; yes             ; Megafunction                       ; c:/intelfpga_lite/18.1/quartus/libraries/megafunctions/lpm_mux.tdf                                                             ;         ;
; aglobal181.inc                                                         ; yes             ; Megafunction                       ; c:/intelfpga_lite/18.1/quartus/libraries/megafunctions/aglobal181.inc                                                          ;         ;
; muxlut.inc                                                             ; yes             ; Megafunction                       ; c:/intelfpga_lite/18.1/quartus/libraries/megafunctions/muxlut.inc                                                              ;         ;
; bypassff.inc                                                           ; yes             ; Megafunction                       ; c:/intelfpga_lite/18.1/quartus/libraries/megafunctions/bypassff.inc                                                            ;         ;
; altshift.inc                                                           ; yes             ; Megafunction                       ; c:/intelfpga_lite/18.1/quartus/libraries/megafunctions/altshift.inc                                                            ;         ;
; db/mux_9rc.tdf                                                         ; yes             ; Auto-Generated Megafunction        ; C:/Users/kayky/OneDrive/Documentos/GitHub/Elevador_Quartus/Controlador_Prioridade/db/mux_9rc.tdf                               ;         ;
+------------------------------------------------------------------------+-----------------+------------------------------------+--------------------------------------------------------------------------------------------------------------------------------+---------+


+-----------------------------------------------------------+
; Analysis & Synthesis Resource Usage Summary               ;
+---------------------------------------------+-------------+
; Resource                                    ; Usage       ;
+---------------------------------------------+-------------+
; Estimated Total logic elements              ; 17          ;
;                                             ;             ;
; Total combinational functions               ; 17          ;
; Logic element usage by number of LUT inputs ;             ;
;     -- 4 input functions                    ; 14          ;
;     -- 3 input functions                    ; 3           ;
;     -- <=2 input functions                  ; 0           ;
;                                             ;             ;
; Logic elements by mode                      ;             ;
;     -- normal mode                          ; 17          ;
;     -- arithmetic mode                      ; 0           ;
;                                             ;             ;
; Total registers                             ; 0           ;
;     -- Dedicated logic registers            ; 0           ;
;     -- I/O registers                        ; 0           ;
;                                             ;             ;
; I/O pins                                    ; 17          ;
;                                             ;             ;
; Embedded Multiplier 9-bit elements          ; 0           ;
;                                             ;             ;
; Maximum fan-out node                        ; BE[2]~input ;
; Maximum fan-out                             ; 7           ;
; Total fan-out                               ; 89          ;
; Average fan-out                             ; 1.75        ;
+---------------------------------------------+-------------+


+------------------------------------------------------------------------------------------------------------------------------------------------------------------------------------------------------------------------------------------------------------------------------------------------------------------+
; Analysis & Synthesis Resource Utilization by Entity                                                                                                                                                                                                                                                              ;
+--------------------------------------+---------------------+---------------------------+-------------+--------------+---------+-----------+------+--------------+--------------------------------------------------------------------------------------------------------+------------------------+--------------+
; Compilation Hierarchy Node           ; Combinational ALUTs ; Dedicated Logic Registers ; Memory Bits ; DSP Elements ; DSP 9x9 ; DSP 18x18 ; Pins ; Virtual Pins ; Full Hierarchy Name                                                                                    ; Entity Name            ; Library Name ;
+--------------------------------------+---------------------+---------------------------+-------------+--------------+---------+-----------+------+--------------+--------------------------------------------------------------------------------------------------------+------------------------+--------------+
; |Controlador_Prioridade              ; 17 (1)              ; 0 (0)                     ; 0           ; 0            ; 0       ; 0         ; 17   ; 0            ; |Controlador_Prioridade                                                                                ; Controlador_Prioridade ; work         ;
;    |Multiplexador_Elevador:inst6|    ; 16 (0)              ; 0 (0)                     ; 0           ; 0            ; 0       ; 0         ; 0    ; 0            ; |Controlador_Prioridade|Multiplexador_Elevador:inst6                                                   ; Multiplexador_Elevador ; work         ;
;       |busmux:inst|                  ; 16 (0)              ; 0 (0)                     ; 0           ; 0            ; 0       ; 0         ; 0    ; 0            ; |Controlador_Prioridade|Multiplexador_Elevador:inst6|busmux:inst                                       ; busmux                 ; work         ;
;          |lpm_mux:$00000|            ; 16 (0)              ; 0 (0)                     ; 0           ; 0            ; 0       ; 0         ; 0    ; 0            ; |Controlador_Prioridade|Multiplexador_Elevador:inst6|busmux:inst|lpm_mux:$00000                        ; lpm_mux                ; work         ;
;             |mux_9rc:auto_generated| ; 16 (16)             ; 0 (0)                     ; 0           ; 0            ; 0       ; 0         ; 0    ; 0            ; |Controlador_Prioridade|Multiplexador_Elevador:inst6|busmux:inst|lpm_mux:$00000|mux_9rc:auto_generated ; mux_9rc                ; work         ;
+--------------------------------------+---------------------+---------------------------+-------------+--------------+---------+-----------+------+--------------+--------------------------------------------------------------------------------------------------------+------------------------+--------------+
Note: For table entries with two numbers listed, the numbers in parentheses indicate the number of resources of the given type used by the specific entity alone. The numbers listed outside of parentheses indicate the total resources of the given type used by the specific entity and all of its sub-entities in the hierarchy.


+------------------------------------------------------+
; General Register Statistics                          ;
+----------------------------------------------+-------+
; Statistic                                    ; Value ;
+----------------------------------------------+-------+
; Total registers                              ; 0     ;
; Number of registers using Synchronous Clear  ; 0     ;
; Number of registers using Synchronous Load   ; 0     ;
; Number of registers using Asynchronous Clear ; 0     ;
; Number of registers using Asynchronous Load  ; 0     ;
; Number of registers using Clock Enable       ; 0     ;
; Number of registers using Preset             ; 0     ;
+----------------------------------------------+-------+


+---------------------------------------------------------------------------------------+
; Parameter Settings for User Entity Instance: Multiplexador_Elevador:inst6|BUSMUX:inst ;
+----------------+-------+--------------------------------------------------------------+
; Parameter Name ; Value ; Type                                                         ;
+----------------+-------+--------------------------------------------------------------+
; WIDTH          ; 3     ; Untyped                                                      ;
+----------------+-------+--------------------------------------------------------------+
Note: In order to hide this table in the UI and the text report file, please set the "Show Parameter Settings in Synthesis Report" option in "Analysis and Synthesis Settings -> More Settings" to "Off".


+-----------------------------------------------------+
; Post-Synthesis Netlist Statistics for Top Partition ;
+-----------------------+-----------------------------+
; Type                  ; Count                       ;
+-----------------------+-----------------------------+
; boundary_port         ; 17                          ;
; cycloneiii_lcell_comb ; 17                          ;
;     normal            ; 17                          ;
;         3 data inputs ; 3                           ;
;         4 data inputs ; 14                          ;
;                       ;                             ;
; Max LUT depth         ; 5.00                        ;
; Average LUT depth     ; 3.93                        ;
+-----------------------+-----------------------------+


+-------------------------------+
; Elapsed Time Per Partition    ;
+----------------+--------------+
; Partition Name ; Elapsed Time ;
+----------------+--------------+
; Top            ; 00:00:00     ;
+----------------+--------------+


+-------------------------------+
; Analysis & Synthesis Messages ;
+-------------------------------+
Info: *******************************************************************
Info: Running Quartus Prime Analysis & Synthesis
    Info: Version 18.1.0 Build 625 09/12/2018 SJ Lite Edition
    Info: Processing started: Tue May 23 23:06:29 2023
Info: Command: quartus_map --read_settings_files=on --write_settings_files=off Controlador_Prioridade -c Controlador_Prioridade
Warning (18236): Number of processors has not been specified which may cause overloading on shared machines.  Set the global assignment NUM_PARALLEL_PROCESSORS in your QSF to an appropriate value for best performance.
Info (20030): Parallel compilation is enabled and will use 4 of the 4 processors detected
Info (12021): Found 1 design units, including 1 entities, in source file /users/kayky/onedrive/documentos/github/elevador_quartus/preferencia_elevador/preferencia_elevador.bdf
    Info (12023): Found entity 1: Preferencia_Elevador
Info (12021): Found 1 design units, including 1 entities, in source file /users/kayky/onedrive/documentos/github/elevador_quartus/valor_serial_paralelo/valor_serial_paralelo.bdf
    Info (12023): Found entity 1: Valor_Serial_Paralelo
Info (12021): Found 1 design units, including 1 entities, in source file /users/kayky/onedrive/documentos/github/elevador_quartus/multiplexador_elevador/multiplexador_elevador.bdf
    Info (12023): Found entity 1: Multiplexador_Elevador
Info (12021): Found 1 design units, including 1 entities, in source file /users/kayky/onedrive/documentos/github/elevador_quartus/circuito combinacional (elevador)/circuito_combinacional_5_3bit.bdf
    Info (12023): Found entity 1: Circuito_Combinacional_5_3bit
Info (12021): Found 1 design units, including 1 entities, in source file /users/kayky/onedrive/documentos/github/elevador_quartus/andares_elevador_s2/andares_elevador_s2.bdf
    Info (12023): Found entity 1: Andares_Elevador_S2
Info (12021): Found 1 design units, including 1 entities, in source file /users/kayky/onedrive/documentos/github/elevador_quartus/andares_elevador_s1/andares_elevador_s1.bdf
    Info (12023): Found entity 1: Andares_Elevador_S1
Info (12021): Found 1 design units, including 1 entities, in source file /users/kayky/onedrive/documentos/github/elevador_quartus/andares_elevador_s0/andares_elevador_s0.bdf
    Info (12023): Found entity 1: Andares_Elevador_S0
Info (12021): Found 1 design units, including 1 entities, in source file controlador_prioridade.bdf
    Info (12023): Found entity 1: Controlador_Prioridade
Info (12127): Elaborating entity "Controlador_Prioridade" for the top level hierarchy
Info (12128): Elaborating entity "Valor_Serial_Paralelo" for hierarchy "Valor_Serial_Paralelo:inst"
Info (12128): Elaborating entity "Multiplexador_Elevador" for hierarchy "Multiplexador_Elevador:inst6"
Info (12128): Elaborating entity "BUSMUX" for hierarchy "Multiplexador_Elevador:inst6|BUSMUX:inst"
Info (12130): Elaborated megafunction instantiation "Multiplexador_Elevador:inst6|BUSMUX:inst"
Info (12133): Instantiated megafunction "Multiplexador_Elevador:inst6|BUSMUX:inst" with the following parameter:
    Info (12134): Parameter "WIDTH" = "3"
Info (12128): Elaborating entity "lpm_mux" for hierarchy "Multiplexador_Elevador:inst6|BUSMUX:inst|lpm_mux:$00000" File: c:/intelfpga_lite/18.1/quartus/libraries/megafunctions/busmux.tdf Line: 43
Info (12131): Elaborated megafunction instantiation "Multiplexador_Elevador:inst6|BUSMUX:inst|lpm_mux:$00000", which is child of megafunction instantiation "Multiplexador_Elevador:inst6|BUSMUX:inst" File: c:/intelfpga_lite/18.1/quartus/libraries/megafunctions/busmux.tdf Line: 43
Info (12021): Found 1 design units, including 1 entities, in source file db/mux_9rc.tdf
    Info (12023): Found entity 1: mux_9rc File: C:/Users/kayky/OneDrive/Documentos/GitHub/Elevador_Quartus/Controlador_Prioridade/db/mux_9rc.tdf Line: 22
Info (12128): Elaborating entity "mux_9rc" for hierarchy "Multiplexador_Elevador:inst6|BUSMUX:inst|lpm_mux:$00000|mux_9rc:auto_generated" File: c:/intelfpga_lite/18.1/quartus/libraries/megafunctions/lpm_mux.tdf Line: 86
Info (12128): Elaborating entity "Preferencia_Elevador" for hierarchy "Preferencia_Elevador:inst3"
Info (12128): Elaborating entity "Circuito_Combinacional_5_3bit" for hierarchy "Circuito_Combinacional_5_3bit:inst4"
Info (12128): Elaborating entity "Andares_Elevador_S2" for hierarchy "Circuito_Combinacional_5_3bit:inst4|Andares_Elevador_S2:inst5"
Warning (275008): Primitive "NOT" of instance "inst4" not used
Info (12128): Elaborating entity "Andares_Elevador_S0" for hierarchy "Circuito_Combinacional_5_3bit:inst4|Andares_Elevador_S0:inst"
Info (12128): Elaborating entity "Andares_Elevador_S1" for hierarchy "Circuito_Combinacional_5_3bit:inst4|Andares_Elevador_S1:inst4"
Info (286030): Timing-Driven Synthesis is running
Info (16010): Generating hard_block partition "hard_block:auto_generated_inst"
    Info (16011): Adding 0 node(s), including 0 DDIO, 0 PLL, 0 transceiver and 0 LCELL
Info (21057): Implemented 34 device resources after synthesis - the final resource count might be different
    Info (21058): Implemented 10 input pins
    Info (21059): Implemented 7 output pins
    Info (21061): Implemented 17 logic cells
Info: Quartus Prime Analysis & Synthesis was successful. 0 errors, 2 warnings
    Info: Peak virtual memory: 4752 megabytes
    Info: Processing ended: Tue May 23 23:06:44 2023
    Info: Elapsed time: 00:00:15
    Info: Total CPU time (on all processors): 00:00:32


