Flow report for ElevadorBetaV3
Tue May 23 22:15:58 2023
Quartus Prime Version 18.1.0 Build 625 09/12/2018 SJ Lite Edition


---------------------
; Table of Contents ;
---------------------
  1. Legal Notice
  2. Flow Summary
  3. Flow Settings
  4. Flow Non-Default Global Settings
  5. Flow Elapsed Time
  6. Flow OS Summary
  7. Flow Log
  8. Flow Messages
  9. Flow Suppressed Messages



----------------
; Legal Notice ;
----------------
Copyright (C) 2018  Intel Corporation. All rights reserved.
Your use of Intel Corporation's design tools, logic functions 
and other software and tools, and its AMPP partner logic 
functions, and any output files from any of the foregoing 
(including device programming or simulation files), and any 
associated documentation or information are expressly subject 
to the terms and conditions of the Intel Program License 
Subscription Agreement, the Intel Quartus Prime License Agreement,
the Intel FPGA IP License Agreement, or other applicable license
agreement, including, without limitation, that your use is for
the sole purpose of programming logic devices manufactured by
Intel and sold by Intel or its authorized distributors.  Please
refer to the applicable agreement for further details.



+----------------------------------------------------------------------------------+
; Flow Summary                                                                     ;
+------------------------------------+---------------------------------------------+
; Flow Status                        ; Successful - Tue May 23 22:15:58 2023       ;
; Quartus Prime Version              ; 18.1.0 Build 625 09/12/2018 SJ Lite Edition ;
; Revision Name                      ; ElevadorBetaV3                              ;
; Top-level Entity Name              ; ElevadorBetaV3                              ;
; Family                             ; Cyclone IV E                                ;
; Total logic elements               ; 74 / 6,272 ( 1 % )                          ;
;     Total combinational functions  ; 74 / 6,272 ( 1 % )                          ;
;     Dedicated logic registers      ; 36 / 6,272 ( < 1 % )                        ;
; Total registers                    ; 36                                          ;
; Total pins                         ; 30 / 92 ( 33 % )                            ;
; Total virtual pins                 ; 0                                           ;
; Total memory bits                  ; 48 / 276,480 ( < 1 % )                      ;
; Embedded Multiplier 9-bit elements ; 0 / 30 ( 0 % )                              ;
; Total PLLs                         ; 0 / 2 ( 0 % )                               ;
; Device                             ; EP4CE6E22C6                                 ;
; Timing Models                      ; Final                                       ;
+------------------------------------+---------------------------------------------+


+-----------------------------------------+
; Flow Settings                           ;
+-------------------+---------------------+
; Option            ; Setting             ;
+-------------------+---------------------+
; Start date & time ; 05/23/2023 22:14:33 ;
; Main task         ; Compilation         ;
; Revision Name     ; ElevadorBetaV3      ;
+-------------------+---------------------+


+-------------------------------------------------------------------------------------------------------------------------+
; Flow Non-Default Global Settings                                                                                        ;
+-------------------------------------+----------------------------------------+---------------+-------------+------------+
; Assignment Name                     ; Value                                  ; Default Value ; Entity Name ; Section Id ;
+-------------------------------------+----------------------------------------+---------------+-------------+------------+
; COMPILER_SIGNATURE_ID               ; 2544350940739.168489087218976          ; --            ; --          ; --         ;
; PARTITION_COLOR                     ; -- (Not supported for targeted family) ; --            ; --          ; Top        ;
; PARTITION_FITTER_PRESERVATION_LEVEL ; -- (Not supported for targeted family) ; --            ; --          ; Top        ;
; PARTITION_NETLIST_TYPE              ; -- (Not supported for targeted family) ; --            ; --          ; Top        ;
; PROJECT_OUTPUT_DIRECTORY            ; output_files                           ; --            ; --          ; --         ;
+-------------------------------------+----------------------------------------+---------------+-------------+------------+


+--------------------------------------------------------------------------------------------------------------------------+
; Flow Elapsed Time                                                                                                        ;
+----------------------+--------------+-------------------------+---------------------+------------------------------------+
; Module Name          ; Elapsed Time ; Average Processors Used ; Peak Virtual Memory ; Total CPU Time (on all processors) ;
+----------------------+--------------+-------------------------+---------------------+------------------------------------+
; Analysis & Synthesis ; 00:00:20     ; 1.0                     ; 4770 MB             ; 00:00:44                           ;
; Fitter               ; 00:00:08     ; 1.0                     ; 5489 MB             ; 00:00:08                           ;
; Assembler            ; 00:00:01     ; 1.0                     ; 4668 MB             ; 00:00:01                           ;
; Timing Analyzer      ; 00:00:02     ; 1.0                     ; 4764 MB             ; 00:00:03                           ;
; EDA Netlist Writer   ; 00:00:01     ; 1.0                     ; 4622 MB             ; 00:00:01                           ;
; EDA Netlist Writer   ; 00:00:01     ; 1.0                     ; 4631 MB             ; 00:00:01                           ;
; Total                ; 00:00:33     ; --                      ; --                  ; 00:00:58                           ;
+----------------------+--------------+-------------------------+---------------------+------------------------------------+


+------------------------------------------------------------------------------------+
; Flow OS Summary                                                                    ;
+----------------------+------------------+------------+------------+----------------+
; Module Name          ; Machine Hostname ; OS Name    ; OS Version ; Processor type ;
+----------------------+------------------+------------+------------+----------------+
; Analysis & Synthesis ; LAPTOP-M9RETNPA  ; Windows 10 ; 10.0       ; x86_64         ;
; Fitter               ; LAPTOP-M9RETNPA  ; Windows 10 ; 10.0       ; x86_64         ;
; Assembler            ; LAPTOP-M9RETNPA  ; Windows 10 ; 10.0       ; x86_64         ;
; Timing Analyzer      ; LAPTOP-M9RETNPA  ; Windows 10 ; 10.0       ; x86_64         ;
; EDA Netlist Writer   ; LAPTOP-M9RETNPA  ; Windows 10 ; 10.0       ; x86_64         ;
; EDA Netlist Writer   ; LAPTOP-M9RETNPA  ; Windows 10 ; 10.0       ; x86_64         ;
+----------------------+------------------+------------+------------+----------------+


------------
; Flow Log ;
------------
quartus_map --read_settings_files=on --write_settings_files=off ElevadorBetaV3 -c ElevadorBetaV3
quartus_fit --read_settings_files=off --write_settings_files=off ElevadorBetaV3 -c ElevadorBetaV3
quartus_asm --read_settings_files=off --write_settings_files=off ElevadorBetaV3 -c ElevadorBetaV3
quartus_sta ElevadorBetaV3 -c ElevadorBetaV3
quartus_eda --gen_testbench --tool=modelsim_oem --format=verilog --write_settings_files=off ElevadorBetaV3 -c ElevadorBetaV3 --vector_source="C:/Quartus (Project Test V2)/Versoes_Beta/Elevador_BetaV3/Waveform1.vwf" --testbench_file="C:/Quartus (Project Test V2)/Versoes_Beta/Elevador_BetaV3/simulation/qsim/Waveform1.vwf.vt"
quartus_eda --write_settings_files=off --simulation=on --functional=on --flatten_buses=off --tool=modelsim_oem --format=verilog --output_directory="C:/Quartus (Project Test V2)/Versoes_Beta/Elevador_BetaV3/simulation/qsim/" ElevadorBetaV3 -c ElevadorBetaV3



