Flow report for Elevador_BetaV4
Tue May 23 23:47:55 2023
Quartus Prime Version 18.1.0 Build 625 09/12/2018 SJ Lite Edition


---------------------
; Table of Contents ;
---------------------
  1. Legal Notice
  2. Flow Summary
  3. Flow Settings
  4. Flow Non-Default Global Settings
  5. Flow Elapsed Time
  6. Flow OS Summary
  7. Flow Log
  8. Flow Messages
  9. Flow Suppressed Messages



----------------
; Legal Notice ;
----------------
Copyright (C) 2018  Intel Corporation. All rights reserved.
Your use of Intel Corporation's design tools, logic functions 
and other software and tools, and its AMPP partner logic 
functions, and any output files from any of the foregoing 
(including device programming or simulation files), and any 
associated documentation or information are expressly subject 
to the terms and conditions of the Intel Program License 
Subscription Agreement, the Intel Quartus Prime License Agreement,
the Intel FPGA IP License Agreement, or other applicable license
agreement, including, without limitation, that your use is for
the sole purpose of programming logic devices manufactured by
Intel and sold by Intel or its authorized distributors.  Please
refer to the applicable agreement for further details.



+----------------------------------------------------------------------------------+
; Flow Summary                                                                     ;
+------------------------------------+---------------------------------------------+
; Flow Status                        ; Successful - Tue May 23 23:47:55 2023       ;
; Quartus Prime Version              ; 18.1.0 Build 625 09/12/2018 SJ Lite Edition ;
; Revision Name                      ; Elevador_BetaV4                             ;
; Top-level Entity Name              ; Elevador_BetaV4                             ;
; Family                             ; Cyclone IV E                                ;
; Total logic elements               ; 87 / 6,272 ( 1 % )                          ;
;     Total combinational functions  ; 87 / 6,272 ( 1 % )                          ;
;     Dedicated logic registers      ; 40 / 6,272 ( < 1 % )                        ;
; Total registers                    ; 40                                          ;
; Total pins                         ; 21 / 92 ( 23 % )                            ;
; Total virtual pins                 ; 0                                           ;
; Total memory bits                  ; 48 / 276,480 ( < 1 % )                      ;
; Embedded Multiplier 9-bit elements ; 0 / 30 ( 0 % )                              ;
; Total PLLs                         ; 0 / 2 ( 0 % )                               ;
; Device                             ; EP4CE6E22C6                                 ;
; Timing Models                      ; Final                                       ;
+------------------------------------+---------------------------------------------+


+-----------------------------------------+
; Flow Settings                           ;
+-------------------+---------------------+
; Option            ; Setting             ;
+-------------------+---------------------+
; Start date & time ; 05/23/2023 23:46:28 ;
; Main task         ; Compilation         ;
; Revision Name     ; Elevador_BetaV4     ;
+-------------------+---------------------+


+-------------------------------------------------------------------------------------------------------------------------+
; Flow Non-Default Global Settings                                                                                        ;
+-------------------------------------+----------------------------------------+---------------+-------------+------------+
; Assignment Name                     ; Value                                  ; Default Value ; Entity Name ; Section Id ;
+-------------------------------------+----------------------------------------+---------------+-------------+------------+
; COMPILER_SIGNATURE_ID               ; 2544350940739.168489638818524          ; --            ; --          ; --         ;
; PARTITION_COLOR                     ; -- (Not supported for targeted family) ; --            ; --          ; Top        ;
; PARTITION_FITTER_PRESERVATION_LEVEL ; -- (Not supported for targeted family) ; --            ; --          ; Top        ;
; PARTITION_NETLIST_TYPE              ; -- (Not supported for targeted family) ; --            ; --          ; Top        ;
; PROJECT_OUTPUT_DIRECTORY            ; output_files                           ; --            ; --          ; --         ;
+-------------------------------------+----------------------------------------+---------------+-------------+------------+


+--------------------------------------------------------------------------------------------------------------------------+
; Flow Elapsed Time                                                                                                        ;
+----------------------+--------------+-------------------------+---------------------+------------------------------------+
; Module Name          ; Elapsed Time ; Average Processors Used ; Peak Virtual Memory ; Total CPU Time (on all processors) ;
+----------------------+--------------+-------------------------+---------------------+------------------------------------+
; Analysis & Synthesis ; 00:00:18     ; 1.0                     ; 4771 MB             ; 00:00:37                           ;
; Fitter               ; 00:00:07     ; 1.0                     ; 5490 MB             ; 00:00:07                           ;
; Assembler            ; 00:00:01     ; 1.0                     ; 4668 MB             ; 00:00:01                           ;
; Timing Analyzer      ; 00:00:04     ; 1.0                     ; 4764 MB             ; 00:00:02                           ;
; EDA Netlist Writer   ; 00:00:01     ; 1.0                     ; 4622 MB             ; 00:00:01                           ;
; EDA Netlist Writer   ; 00:00:01     ; 1.0                     ; 4630 MB             ; 00:00:01                           ;
; Total                ; 00:00:32     ; --                      ; --                  ; 00:00:49                           ;
+----------------------+--------------+-------------------------+---------------------+------------------------------------+


+------------------------------------------------------------------------------------+
; Flow OS Summary                                                                    ;
+----------------------+------------------+------------+------------+----------------+
; Module Name          ; Machine Hostname ; OS Name    ; OS Version ; Processor type ;
+----------------------+------------------+------------+------------+----------------+
; Analysis & Synthesis ; LAPTOP-M9RETNPA  ; Windows 10 ; 10.0       ; x86_64         ;
; Fitter               ; LAPTOP-M9RETNPA  ; Windows 10 ; 10.0       ; x86_64         ;
; Assembler            ; LAPTOP-M9RETNPA  ; Windows 10 ; 10.0       ; x86_64         ;
; Timing Analyzer      ; LAPTOP-M9RETNPA  ; Windows 10 ; 10.0       ; x86_64         ;
; EDA Netlist Writer   ; LAPTOP-M9RETNPA  ; Windows 10 ; 10.0       ; x86_64         ;
; EDA Netlist Writer   ; LAPTOP-M9RETNPA  ; Windows 10 ; 10.0       ; x86_64         ;
+----------------------+------------------+------------+------------+----------------+


------------
; Flow Log ;
------------
quartus_map --read_settings_files=on --write_settings_files=off Elevador_BetaV4 -c Elevador_BetaV4
quartus_fit --read_settings_files=off --write_settings_files=off Elevador_BetaV4 -c Elevador_BetaV4
quartus_asm --read_settings_files=off --write_settings_files=off Elevador_BetaV4 -c Elevador_BetaV4
quartus_sta Elevador_BetaV4 -c Elevador_BetaV4
quartus_eda --gen_testbench --tool=modelsim_oem --format=verilog --write_settings_files=off Elevador_BetaV4 -c Elevador_BetaV4 --vector_source="C:/Quartus (Project Test V2)/Versoes_Beta/Elevador_BetaV4/Waveform.vwf" --testbench_file="C:/Quartus (Project Test V2)/Versoes_Beta/Elevador_BetaV4/simulation/qsim/Waveform.vwf.vt"
quartus_eda --write_settings_files=off --simulation=on --functional=on --flatten_buses=off --tool=modelsim_oem --format=verilog --output_directory="C:/Quartus (Project Test V2)/Versoes_Beta/Elevador_BetaV4/simulation/qsim/" Elevador_BetaV4 -c Elevador_BetaV4



